#
# A fatal error has been detected by the Java Runtime Environment:
#
#  Internal Error (javaClasses.cpp:129), pid=16155, tid=7171
#  fatal error: Invalid layout of preloaded class
#
# JRE version: 7.0_07-b10
# Java VM: Java HotSpot(TM) 64-Bit Server VM (23.3-b01 mixed mode bsd-amd64 compressed oops)
# Failed to write core dump. Core dumps have been disabled. To enable core dumping, try "ulimit -c unlimited" before starting Java again
#
# If you would like to submit a bug report, please visit:
#   http://bugreport.sun.com/bugreport/crash.jsp
#

---------------  T H R E A D  ---------------

Current thread (0x00007fa709801800):  JavaThread "Unknown thread" [_thread_in_vm, id=7171, stack(0x000000010272b000,0x000000010282b000)]

Stack: [0x000000010272b000,0x000000010282b000],  sp=0x000000010282a860,  free space=1022k
Native frames: (J=compiled Java code, j=interpreted, Vv=VM code, C=native code)
V  [libjvm.dylib+0x4a34f7]
V  [libjvm.dylib+0x1b245b]
V  [libjvm.dylib+0x28b4f8]
V  [libjvm.dylib+0x28c359]
V  [libjvm.dylib+0x44dc94]
V  [libjvm.dylib+0x48a0c3]
V  [libjvm.dylib+0x48a637]
V  [libjvm.dylib+0x250a0b]
V  [libjvm.dylib+0x47a53f]
V  [libjvm.dylib+0x2a39b4]
C  [java+0x2a65]  JavaMain+0x134
C  [libsystem_c.dylib+0x4e8bf]  _pthread_start+0x14f
C  [libsystem_c.dylib+0x51b75]  thread_start+0xd


---------------  P R O C E S S  ---------------

Java Threads: ( => current thread )

Other Threads:

=>0x00007fa709801800 (exited) JavaThread "Unknown thread" [_thread_in_vm, id=7171, stack(0x000000010272b000,0x000000010282b000)]

VM state:not at safepoint (not fully initialized)

VM Mutex/Monitor currently owned by a thread: None

GC Heap History (0 events):
No events

Deoptimization events (0 events):
No events

Internal exceptions (0 events):
No events

Events (10 events):
Event: 0.344 loading class 0x0000000101b23dd0 done
Event: 0.344 loading class 0x0000000101b237b0 done
Event: 0.344 loading class 0x0000000101b23790
Event: 0.344 loading class 0x0000000101b2b450
Event: 0.389 loading class 0x0000000101b2b450 done
Event: 0.389 loading class 0x0000000101b2b480
Event: 0.442 loading class 0x0000000101b2b480 done
Event: 0.442 loading class 0x0000000101b2b4b0
Event: 0.453 loading class 0x0000000101b2b4b0 done
Event: 0.455 loading class 0x0000000101b23790 done


Dynamic libraries:
0x000000000b5dc000 	/System/Library/Frameworks/Cocoa.framework/Versions/A/Cocoa
0x000000000b5dc000 	/System/Library/Frameworks/Security.framework/Versions/A/Security
0x000000000b5dc000 	/System/Library/Frameworks/ApplicationServices.framework/Versions/A/ApplicationServices
0x000000000b5dc000 	/usr/lib/libz.1.dylib
0x000000000b5dc000 	/usr/lib/libSystem.B.dylib
0x000000000b5dc000 	/usr/lib/libobjc.A.dylib
0x000000000b5dc000 	/System/Library/Frameworks/CoreFoundation.framework/Versions/A/CoreFoundation
0x000000000b5dc000 	/System/Library/Frameworks/AppKit.framework/Versions/C/AppKit
0x000000000b5dc000 	/System/Library/Frameworks/CoreData.framework/Versions/A/CoreData
0x000000000b5dc000 	/System/Library/Frameworks/Foundation.framework/Versions/C/Foundation
0x000000000b5dc000 	/System/Library/PrivateFrameworks/RemoteViewServices.framework/Versions/A/RemoteViewServices
0x000000000b5dc000 	/System/Library/Frameworks/AudioToolbox.framework/Versions/A/AudioToolbox
0x000000000b5dc000 	/System/Library/Frameworks/AudioUnit.framework/Versions/A/AudioUnit
0x000000000b5dc000 	/System/Library/PrivateFrameworks/DataDetectorsCore.framework/Versions/A/DataDetectorsCore
0x000000000b5dc000 	/System/Library/PrivateFrameworks/DesktopServicesPriv.framework/Versions/A/DesktopServicesPriv
0x000000000b5dc000 	/System/Library/Frameworks/Carbon.framework/Versions/A/Frameworks/HIToolbox.framework/Versions/A/HIToolbox
0x000000000b5dc000 	/System/Library/Frameworks/QuartzCore.framework/Versions/A/QuartzCore
0x000000000b5dc000 	/System/Library/Frameworks/Carbon.framework/Versions/A/Frameworks/SpeechRecognition.framework/Versions/A/SpeechRecognition
0x000000000b5dc000 	/usr/lib/libauto.dylib
0x000000000b5dc000 	/usr/lib/libicucore.A.dylib
0x000000000b5dc000 	/usr/lib/libxml2.2.dylib
0x000000000b5dc000 	/System/Library/PrivateFrameworks/CoreUI.framework/Versions/A/CoreUI
0x000000000b5dc000 	/System/Library/Frameworks/CoreAudio.framework/Versions/A/CoreAudio
0x000000000b5dc000 	/System/Library/Frameworks/DiskArbitration.framework/Versions/A/DiskArbitration
0x000000000b5dc000 	/usr/lib/liblangid.dylib
0x000000000b5dc000 	/System/Library/PrivateFrameworks/MultitouchSupport.framework/Versions/A/MultitouchSupport
0x000000000b5dc000 	/System/Library/Frameworks/IOKit.framework/Versions/A/IOKit
0x000000000b5dc000 	/usr/lib/libDiagnosticMessagesClient.dylib
0x000000000b5dc000 	/System/Library/Frameworks/CoreServices.framework/Versions/A/CoreServices
0x000000000b5dc000 	/System/Library/PrivateFrameworks/PerformanceAnalysis.framework/Versions/A/PerformanceAnalysis
0x000000000b5dc000 	/System/Library/PrivateFrameworks/GenerationalStorage.framework/Versions/A/GenerationalStorage
0x000000000b5dc000 	/System/Library/Frameworks/OpenGL.framework/Versions/A/OpenGL
0x000000000b5dc000 	/System/Library/Frameworks/CoreServices.framework/Versions/A/Frameworks/CFNetwork.framework/Versions/A/CFNetwork
0x000000000b5dc000 	/System/Library/Frameworks/SystemConfiguration.framework/Versions/A/SystemConfiguration
0x000000000b5dc000 	/usr/lib/libCRFSuite.dylib
0x000000000b5dc000 	/usr/lib/libc++.1.dylib
0x000000000b5dc000 	/usr/lib/libstdc++.6.dylib
0x000000000b5dc000 	/usr/lib/libc++abi.dylib
0x000000000b5dc000 	/usr/lib/system/libcache.dylib
0x000000000b5dc000 	/usr/lib/system/libcommonCrypto.dylib
0x000000000b5dc000 	/usr/lib/system/libcompiler_rt.dylib
0x000000000b5dc000 	/usr/lib/system/libcopyfile.dylib
0x000000000b5dc000 	/usr/lib/system/libdispatch.dylib
0x000000000b5dc000 	/usr/lib/system/libdnsinfo.dylib
0x000000000b5dc000 	/usr/lib/system/libdyld.dylib
0x000000000b5dc000 	/usr/lib/system/libkeymgr.dylib
0x000000000b5dc000 	/usr/lib/system/liblaunch.dylib
0x000000000b5dc000 	/usr/lib/system/libmacho.dylib
0x000000000b5dc000 	/usr/lib/system/libmathCommon.A.dylib
0x000000000b5dc000 	/usr/lib/system/libquarantine.dylib
0x000000000b5dc000 	/usr/lib/system/libremovefile.dylib
0x000000000b5dc000 	/usr/lib/system/libsystem_blocks.dylib
0x000000000b5dc000 	/usr/lib/system/libsystem_c.dylib
0x000000000b5dc000 	/usr/lib/system/libsystem_dnssd.dylib
0x000000000b5dc000 	/usr/lib/system/libsystem_info.dylib
0x000000000b5dc000 	/usr/lib/system/libsystem_kernel.dylib
0x000000000b5dc000 	/usr/lib/system/libsystem_network.dylib
0x000000000b5dc000 	/usr/lib/system/libsystem_notify.dylib
0x000000000b5dc000 	/usr/lib/system/libsystem_sandbox.dylib
0x000000000b5dc000 	/usr/lib/system/libunc.dylib
0x000000000b5dc000 	/usr/lib/system/libunwind.dylib
0x000000000b5dc000 	/usr/lib/system/libxpc.dylib
0x000000000b5dc000 	/usr/lib/libbsm.0.dylib
0x000000000b5dc000 	/usr/lib/libsqlite3.dylib
0x000000000b5dc000 	/usr/lib/libOpenScriptingUtil.dylib
0x000000000b5dc000 	/usr/lib/libpam.2.dylib
0x000000000b5dc000 	/usr/lib/libxar-nossl.dylib
0x000000000b5dc000 	/usr/lib/libbz2.1.0.dylib
0x000000000b5dc000 	/System/Library/Frameworks/CoreServices.framework/Versions/A/Frameworks/CarbonCore.framework/Versions/A/CarbonCore
0x000000000b5dc000 	/System/Library/Frameworks/CoreServices.framework/Versions/A/Frameworks/Metadata.framework/Versions/A/Metadata
0x000000000b5dc000 	/System/Library/Frameworks/CoreServices.framework/Versions/A/Frameworks/OSServices.framework/Versions/A/OSServices
0x000000000b5dc000 	/System/Library/Frameworks/CoreServices.framework/Versions/A/Frameworks/SearchKit.framework/Versions/A/SearchKit
0x000000000b5dc000 	/System/Library/Frameworks/CoreServices.framework/Versions/A/Frameworks/AE.framework/Versions/A/AE
0x000000000b5dc000 	/System/Library/Frameworks/CoreServices.framework/Versions/A/Frameworks/LaunchServices.framework/Versions/A/LaunchServices
0x000000000b5dc000 	/System/Library/Frameworks/CoreServices.framework/Versions/A/Frameworks/DictionaryServices.framework/Versions/A/DictionaryServices
0x000000000b5dc000 	/System/Library/Frameworks/NetFS.framework/Versions/A/NetFS
0x000000000b5dc000 	/usr/lib/system/libkxld.dylib
0x000000000b5dc000 	/System/Library/PrivateFrameworks/NetAuth.framework/Versions/A/NetAuth
0x000000000b5dc000 	/usr/lib/libcrypto.0.9.8.dylib
0x000000000b5dc000 	/System/Library/PrivateFrameworks/TrustEvaluationAgent.framework/Versions/A/TrustEvaluationAgent
0x000000000b5dc000 	/System/Library/Frameworks/OpenDirectory.framework/Versions/A/Frameworks/CFOpenDirectory.framework/Versions/A/CFOpenDirectory
0x000000000b5dc000 	/usr/lib/libxslt.1.dylib
0x000000000b5dc000 	/System/Library/PrivateFrameworks/FamilyControls.framework/Versions/A/FamilyControls
0x000000000b5dc000 	/System/Library/Frameworks/Carbon.framework/Versions/A/Frameworks/Ink.framework/Versions/A/Ink
0x000000000b5dc000 	/System/Library/Frameworks/ApplicationServices.framework/Versions/A/Frameworks/CoreGraphics.framework/Versions/A/CoreGraphics
0x000000000b5dc000 	/System/Library/Frameworks/ApplicationServices.framework/Versions/A/Frameworks/ImageIO.framework/Versions/A/ImageIO
0x000000000b5dc000 	/System/Library/Frameworks/ApplicationServices.framework/Versions/A/Frameworks/CoreText.framework/Versions/A/CoreText
0x000000000b5dc000 	/System/Library/Frameworks/ApplicationServices.framework/Versions/A/Frameworks/ATS.framework/Versions/A/ATS
0x000000000b5dc000 	/System/Library/Frameworks/ApplicationServices.framework/Versions/A/Frameworks/ColorSync.framework/Versions/A/ColorSync
0x000000000b5dc000 	/System/Library/Frameworks/ApplicationServices.framework/Versions/A/Frameworks/HIServices.framework/Versions/A/HIServices
0x000000000b5dc000 	/System/Library/Frameworks/ApplicationServices.framework/Versions/A/Frameworks/LangAnalysis.framework/Versions/A/LangAnalysis
0x000000000b5dc000 	/System/Library/Frameworks/ApplicationServices.framework/Versions/A/Frameworks/PrintCore.framework/Versions/A/PrintCore
0x000000000b5dc000 	/System/Library/Frameworks/ApplicationServices.framework/Versions/A/Frameworks/QD.framework/Versions/A/QD
0x000000000b5dc000 	/System/Library/Frameworks/ApplicationServices.framework/Versions/A/Frameworks/SpeechSynthesis.framework/Versions/A/SpeechSynthesis
0x000000000b5dc000 	/System/Library/Frameworks/IOSurface.framework/Versions/A/IOSurface
0x000000000b5dc000 	/System/Library/Frameworks/Accelerate.framework/Versions/A/Accelerate
0x000000000b5dc000 	/System/Library/Frameworks/ApplicationServices.framework/Versions/A/Frameworks/ImageIO.framework/Versions/A/Resources/libJPEG.dylib
0x000000000b5dc000 	/System/Library/Frameworks/ApplicationServices.framework/Versions/A/Frameworks/ImageIO.framework/Versions/A/Resources/libTIFF.dylib
0x000000000b5dc000 	/System/Library/Frameworks/ApplicationServices.framework/Versions/A/Frameworks/ImageIO.framework/Versions/A/Resources/libPng.dylib
0x000000000b5dc000 	/System/Library/Frameworks/ApplicationServices.framework/Versions/A/Frameworks/ImageIO.framework/Versions/A/Resources/libGIF.dylib
0x000000000b5dc000 	/System/Library/Frameworks/ApplicationServices.framework/Versions/A/Frameworks/ImageIO.framework/Versions/A/Resources/libJP2.dylib
0x000000000b5dc000 	/System/Library/Frameworks/ApplicationServices.framework/Versions/A/Frameworks/ImageIO.framework/Versions/A/Resources/libRadiance.dylib
0x000000000b5dc000 	/System/Library/Frameworks/Accelerate.framework/Versions/A/Frameworks/vImage.framework/Versions/A/vImage
0x000000000b5dc000 	/System/Library/Frameworks/Accelerate.framework/Versions/A/Frameworks/vecLib.framework/Versions/A/vecLib
0x000000000b5dc000 	/System/Library/Frameworks/Accelerate.framework/Versions/A/Frameworks/vecLib.framework/Versions/A/libvDSP.dylib
0x000000000b5dc000 	/System/Library/Frameworks/Accelerate.framework/Versions/A/Frameworks/vecLib.framework/Versions/A/libvMisc.dylib
0x000000000b5dc000 	/System/Library/Frameworks/Accelerate.framework/Versions/A/Frameworks/vecLib.framework/Versions/A/libLAPACK.dylib
0x000000000b5dc000 	/System/Library/Frameworks/Accelerate.framework/Versions/A/Frameworks/vecLib.framework/Versions/A/libBLAS.dylib
0x000000000b5dc000 	/System/Library/Frameworks/ApplicationServices.framework/Versions/A/Frameworks/ATS.framework/Versions/A/Resources/libFontParser.dylib
0x000000000b5dc000 	/System/Library/Frameworks/ApplicationServices.framework/Versions/A/Frameworks/ATS.framework/Versions/A/Resources/libFontRegistry.dylib
0x000000000b5dc000 	/usr/lib/libcups.2.dylib
0x000000000b5dc000 	/System/Library/Frameworks/Kerberos.framework/Versions/A/Kerberos
0x000000000b5dc000 	/System/Library/Frameworks/GSS.framework/Versions/A/GSS
0x000000000b5dc000 	/usr/lib/libresolv.9.dylib
0x000000000b5dc000 	/usr/lib/libiconv.2.dylib
0x000000000b5dc000 	/System/Library/PrivateFrameworks/Heimdal.framework/Versions/A/Heimdal
0x000000000b5dc000 	/System/Library/Frameworks/OpenDirectory.framework/Versions/A/OpenDirectory
0x000000000b5dc000 	/System/Library/PrivateFrameworks/CommonAuth.framework/Versions/A/CommonAuth
0x000000000b5dc000 	/System/Library/Frameworks/CoreVideo.framework/Versions/A/CoreVideo
0x000000000b5dc000 	/System/Library/Frameworks/QuartzCore.framework/Versions/A/Frameworks/CoreImage.framework/Versions/A/CoreImage
0x000000000b5dc000 	/System/Library/Frameworks/QuartzCore.framework/Versions/A/Frameworks/ScalableUserInterface.framework/Versions/A/ScalableUserInterface
0x000000000b5dc000 	/System/Library/Frameworks/OpenGL.framework/Versions/A/Libraries/libGLU.dylib
0x000000000b5dc000 	/System/Library/Frameworks/OpenGL.framework/Versions/A/Libraries/libGFXShared.dylib
0x000000000b5dc000 	/System/Library/Frameworks/OpenGL.framework/Versions/A/Libraries/libGL.dylib
0x000000000b5dc000 	/System/Library/Frameworks/OpenGL.framework/Versions/A/Libraries/libGLImage.dylib
0x000000000b5dc000 	/System/Library/Frameworks/OpenGL.framework/Versions/A/Libraries/libCVMSPluginSupport.dylib
0x000000000b5dc000 	/System/Library/Frameworks/OpenGL.framework/Versions/A/Libraries/libCoreVMClient.dylib
0x000000000b5dc000 	/System/Library/Frameworks/OpenCL.framework/Versions/A/OpenCL
0x000000000b5dc000 	/System/Library/PrivateFrameworks/FaceCoreLight.framework/Versions/A/FaceCoreLight
0x000000000b5dc000 	/System/Library/Frameworks/vecLib.framework/Versions/A/vecLib
0x000000000b5dc000 	/System/Library/Frameworks/SecurityFoundation.framework/Versions/A/SecurityFoundation
0x000000000b5dc000 	/System/Library/PrivateFrameworks/CommerceKit.framework/Versions/A/Frameworks/CommerceCore.framework/Versions/A/CommerceCore
0x000000000b5dc000 	/System/Library/PrivateFrameworks/CoreSymbolication.framework/Versions/A/CoreSymbolication
0x000000000b5dc000 	/System/Library/PrivateFrameworks/Symbolication.framework/Versions/A/Symbolication
0x000000000b5dc000 	/System/Library/PrivateFrameworks/DebugSymbols.framework/Versions/A/DebugSymbols
0x0000000101c83000 	/Library/Java/JavaVirtualMachines/jdk1.7.0_07.jdk/Contents/Home/jre/lib/server/libjvm.dylib
0x0000000101ac7000 	/Library/Java/JavaVirtualMachines/jdk1.7.0_07.jdk/Contents/Home/jre/lib/libverify.dylib
0x000000010282d000 	/Library/Java/JavaVirtualMachines/jdk1.7.0_07.jdk/Contents/Home/jre/lib/libjava.dylib
0x0000000101ade000 	/Library/Java/JavaVirtualMachines/jdk1.7.0_07.jdk/Contents/Home/jre/lib/libzip.dylib

VM Arguments:
jvm_args: -Dfile.encoding=US-ASCII -Xbootclasspath:/Users/dimitrioskolovos/Projects/Eclipse/adt-bundle-mac-x86_64-20130219/sdk/platforms/android-17/android.jar 
java_command: org.eclipse.epsilon.epsilonoid.Test
Launcher Type: SUN_STANDARD

Environment Variables:
PATH=/usr/bin:/bin:/usr/sbin:/sbin
SHELL=/bin/bash
DISPLAY=/tmp/launch-sJesJk/org.macosforge.xquartz:0

Signal Handlers:
SIGSEGV: [libjvm.dylib+0x4a3a1d], sa_mask[0]=0xfffefeff, sa_flags=0x00000042
SIGBUS: [libjvm.dylib+0x4a3a1d], sa_mask[0]=0xfffefeff, sa_flags=0x00000042
SIGFPE: [libjvm.dylib+0x3b3431], sa_mask[0]=0xfffefeff, sa_flags=0x00000042
SIGPIPE: [libjvm.dylib+0x3b3431], sa_mask[0]=0xfffefeff, sa_flags=0x00000042
SIGXFSZ: [libjvm.dylib+0x3b3431], sa_mask[0]=0xfffefeff, sa_flags=0x00000042
SIGILL: [libjvm.dylib+0x3b3431], sa_mask[0]=0xfffefeff, sa_flags=0x00000042
SIGUSR1: SIG_DFL, sa_mask[0]=0x00000000, sa_flags=0x00000002
SIGUSR2: [libjvm.dylib+0x3b2fca], sa_mask[0]=0x00000004, sa_flags=0x00000042
SIGHUP: SIG_DFL, sa_mask[0]=0xfffefeff, sa_flags=0x00000042
SIGINT: SIG_DFL, sa_mask[0]=0xfffefeff, sa_flags=0x00000042
SIGTERM: SIG_DFL, sa_mask[0]=0xfffefeff, sa_flags=0x00000042
SIGQUIT: SIG_DFL, sa_mask[0]=0xfffefeff, sa_flags=0x00000042


---------------  S Y S T E M  ---------------

OS:Bsduname:Darwin 11.4.2 Darwin Kernel Version 11.4.2: Thu Aug 23 16:25:48 PDT 2012; root:xnu-1699.32.7~1/RELEASE_X86_64 x86_64
rlimit: STACK 8192k, CORE 0k, NPROC 709, NOFILE 10240, AS infinity
load average:3.95 3.06 2.50

CPU:total 2 (2 cores per cpu, 1 threads per core) family 6 model 23 stepping 10, cmov, cx8, fxsr, mmx, sse, sse2, sse3, ssse3, sse4.1, tsc

Memory: 4k page, physical 5488052k(1372013k free)

/proc/meminfo:


vm_info: Java HotSpot(TM) 64-Bit Server VM (23.3-b01) for bsd-amd64 JRE (1.7.0_07-b10), built on Aug 28 2012 18:14:29 by "java_re" with gcc 4.2.1 (Based on Apple Inc. build 5658) (LLVM build 2336.9.00)

time: Sun Jul 28 10:22:53 2013
elapsed time: 0 seconds

